<?xml version="1.0" encoding="UTF-8"?>
<testng-results ignored="0" total="1" passed="1" failed="0" skipped="0">
  <reporter-output>
  </reporter-output>
  <suite started-at="2023-07-05T02:25:46Z" name="Default suite" finished-at="2023-07-05T02:25:56Z" duration-ms="9495">
    <groups>
    </groups>
    <test started-at="2023-07-05T02:25:46Z" name="Default test" finished-at="2023-07-05T02:25:56Z" duration-ms="9495">
      <class name="basic.FirstClass">
        <test-method is-config="true" signature="setupBrowser()[pri:0, instance:basic.FirstClass@2eb79cbe]" started-at="2023-07-05T02:25:46Z" name="setupBrowser" finished-at="2023-07-05T02:25:50Z" duration-ms="3869" status="PASS">
          <reporter-output>
          </reporter-output>
        </test-method> <!-- setupBrowser -->
        <test-method signature="launchURL()[pri:0, instance:basic.FirstClass@2eb79cbe]" started-at="2023-07-05T02:25:50Z" name="launchURL" finished-at="2023-07-05T02:25:55Z" duration-ms="4976" status="PASS">
          <reporter-output>
          </reporter-output>
        </test-method> <!-- launchURL -->
        <test-method is-config="true" signature="quitBrowser()[pri:0, instance:basic.FirstClass@2eb79cbe]" started-at="2023-07-05T02:25:55Z" name="quitBrowser" finished-at="2023-07-05T02:25:56Z" duration-ms="446" status="PASS">
          <reporter-output>
          </reporter-output>
        </test-method> <!-- quitBrowser -->
      </class> <!-- basic.FirstClass -->
    </test> <!-- Default test -->
  </suite> <!-- Default suite -->
</testng-results>
